0 info it worked if it ends with ok
1 verbose cli [ 'node', '/usr/local/bin/npm', 'install', '-g', 'hub' ]
2 info using npm@1.4.28
3 info using node@v0.10.35
4 verbose cache add [ 'hub', null ]
5 verbose cache add name=undefined spec="hub" args=["hub",null]
6 verbose parsed url { protocol: null,
6 verbose parsed url   slashes: null,
6 verbose parsed url   auth: null,
6 verbose parsed url   host: null,
6 verbose parsed url   port: null,
6 verbose parsed url   hostname: null,
6 verbose parsed url   hash: null,
6 verbose parsed url   search: null,
6 verbose parsed url   query: null,
6 verbose parsed url   pathname: 'hub',
6 verbose parsed url   path: 'hub',
6 verbose parsed url   href: 'hub' }
7 silly lockFile 65acf0a7-hub hub
8 verbose lock hub /Users/zubaird/.npm/65acf0a7-hub.lock
9 silly lockFile 65acf0a7-hub hub
10 silly lockFile 65acf0a7-hub hub
11 verbose addNamed [ 'hub', '' ]
12 verbose addNamed [ null, '*' ]
13 silly lockFile 86b69865-hub hub@
14 verbose lock hub@ /Users/zubaird/.npm/86b69865-hub.lock
15 silly addNameRange { name: 'hub', range: '*', hasData: false }
16 verbose request where is /hub
17 verbose request registry https://registry.npmjs.org/
18 verbose request id 5505489a2dd3d09b
19 verbose url raw /hub
20 verbose url resolving [ 'https://registry.npmjs.org/', './hub' ]
21 verbose url resolved https://registry.npmjs.org/hub
22 verbose request where is https://registry.npmjs.org/hub
23 info trying registry request attempt 1 at 14:09:50
24 http GET https://registry.npmjs.org/hub
25 http 200 https://registry.npmjs.org/hub
26 silly registry.get cb [ 200,
26 silly registry.get   { server: 'CouchDB/1.5.0 (Erlang OTP/R16B03)',
26 silly registry.get     etag: '"A8PIAX85Z2LZKRLGKTB66HETW"',
26 silly registry.get     'content-type': 'application/json',
26 silly registry.get     'cache-control': 'max-age=60',
26 silly registry.get     'content-length': '2565',
26 silly registry.get     'accept-ranges': 'bytes',
26 silly registry.get     date: 'Thu, 10 Sep 2015 21:09:51 GMT',
26 silly registry.get     via: '1.1 varnish',
26 silly registry.get     age: '0',
26 silly registry.get     connection: 'keep-alive',
26 silly registry.get     'x-served-by': 'cache-lax1420-LAX',
26 silly registry.get     'x-cache': 'MISS',
26 silly registry.get     'x-cache-hits': '0',
26 silly registry.get     'x-timer': 'S1441919391.351919,VS0,VE201',
26 silly registry.get     vary: 'Accept' } ]
27 silly addNameRange number 2 { name: 'hub', range: '*', hasData: true }
28 silly addNameRange versions [ 'hub', [ '1.0.0', '2.0.0', '2.0.1' ] ]
29 verbose addNamed [ 'hub', '2.0.1' ]
30 verbose addNamed [ '2.0.1', '2.0.1' ]
31 silly lockFile c26f4800-hub-2-0-1 hub@2.0.1
32 verbose lock hub@2.0.1 /Users/zubaird/.npm/c26f4800-hub-2-0-1.lock
33 silly lockFile 808bb7a5-stry-npmjs-org-hub-hub-2-0-1-tgz https://registry.npmjs.org/hub/-/hub-2.0.1.tgz
34 verbose lock https://registry.npmjs.org/hub/-/hub-2.0.1.tgz /Users/zubaird/.npm/808bb7a5-stry-npmjs-org-hub-hub-2-0-1-tgz.lock
35 verbose addRemoteTarball [ 'https://registry.npmjs.org/hub/-/hub-2.0.1.tgz',
35 verbose addRemoteTarball   '9bf498a46732544a1505abf6202d9a94cf5d586b' ]
36 info retry fetch attempt 1 at 14:09:51
37 verbose fetch to= /var/folders/3f/yxm4s2zd1pzdpr9nlf178d5r0000gn/T/npm-29236-8MD26k9R/registry.npmjs.org/hub/-/hub-2.0.1.tgz
38 http GET https://registry.npmjs.org/hub/-/hub-2.0.1.tgz
39 http 200 https://registry.npmjs.org/hub/-/hub-2.0.1.tgz
40 silly lockFile 808bb7a5-stry-npmjs-org-hub-hub-2-0-1-tgz https://registry.npmjs.org/hub/-/hub-2.0.1.tgz
41 silly lockFile 808bb7a5-stry-npmjs-org-hub-hub-2-0-1-tgz https://registry.npmjs.org/hub/-/hub-2.0.1.tgz
42 silly lockFile c26f4800-hub-2-0-1 hub@2.0.1
43 silly lockFile c26f4800-hub-2-0-1 hub@2.0.1
44 silly lockFile 86b69865-hub hub@
45 silly lockFile 86b69865-hub hub@
46 silly resolved [ { name: 'hub',
46 silly resolved     description: 'Application loader with simple container for shared resources',
46 silly resolved     version: '2.0.1',
46 silly resolved     author: { name: 'Vadim M. Baryshev', email: 'vadimbaryshev@gmail.com' },
46 silly resolved     dependencies: { commander: '0.6.1' },
46 silly resolved     keywords: [ 'hub', 'container', 'resources' ],
46 silly resolved     repository: { type: 'git', url: 'git://github.com/baryshev/hub.git' },
46 silly resolved     main: 'index',
46 silly resolved     bin: { hub: './bin/hub' },
46 silly resolved     engines: { node: '>= 0.6.0' },
46 silly resolved     _id: 'hub@2.0.1',
46 silly resolved     dist:
46 silly resolved      { shasum: '9bf498a46732544a1505abf6202d9a94cf5d586b',
46 silly resolved        tarball: 'http://registry.npmjs.org/hub/-/hub-2.0.1.tgz' },
46 silly resolved     readme: '',
46 silly resolved     maintainers: [ [Object] ],
46 silly resolved     directories: {},
46 silly resolved     _shasum: '9bf498a46732544a1505abf6202d9a94cf5d586b',
46 silly resolved     _from: 'hub@',
46 silly resolved     _resolved: 'https://registry.npmjs.org/hub/-/hub-2.0.1.tgz' } ]
47 info install hub@2.0.1 into /usr/local/lib
48 info installOne hub@2.0.1
49 verbose lib/node_modules/hub unbuild
50 verbose tar unpack /Users/zubaird/.npm/hub/2.0.1/package.tgz
51 silly lockFile bc8d80c7-r-usr-local-lib-node-modules-hub tar:///usr/local/lib/node_modules/hub
52 verbose lock tar:///usr/local/lib/node_modules/hub /Users/zubaird/.npm/bc8d80c7-r-usr-local-lib-node-modules-hub.lock
53 silly lockFile 6eae993d-ubaird-npm-hub-2-0-1-package-tgz tar:///Users/zubaird/.npm/hub/2.0.1/package.tgz
54 verbose lock tar:///Users/zubaird/.npm/hub/2.0.1/package.tgz /Users/zubaird/.npm/6eae993d-ubaird-npm-hub-2-0-1-package-tgz.lock
55 silly gunzTarPerm modes [ '755', '644' ]
56 error Error: EACCES, mkdir '/usr/local/lib/node_modules/hub'
56 error  { [Error: EACCES, mkdir '/usr/local/lib/node_modules/hub']
56 error   errno: 3,
56 error   code: 'EACCES',
56 error   path: '/usr/local/lib/node_modules/hub',
56 error   fstream_type: 'Directory',
56 error   fstream_path: '/usr/local/lib/node_modules/hub',
56 error   fstream_class: 'DirWriter',
56 error   fstream_stack:
56 error    [ '/usr/local/lib/node_modules/npm/node_modules/fstream/lib/dir-writer.js:36:23',
56 error      '/usr/local/lib/node_modules/npm/node_modules/mkdirp/index.js:46:53',
56 error      'Object.oncomplete (fs.js:108:15)' ] }
57 error Please try running this command again as root/Administrator.
58 error System Darwin 13.4.0
59 error command "node" "/usr/local/bin/npm" "install" "-g" "hub"
60 error cwd /Users/zubaird/data-structures/graph-js
61 error node -v v0.10.35
62 error npm -v 1.4.28
63 error path /usr/local/lib/node_modules/hub
64 error fstream_path /usr/local/lib/node_modules/hub
65 error fstream_type Directory
66 error fstream_class DirWriter
67 error code EACCES
68 error errno 3
69 error stack Error: EACCES, mkdir '/usr/local/lib/node_modules/hub'
70 error fstream_stack /usr/local/lib/node_modules/npm/node_modules/fstream/lib/dir-writer.js:36:23
70 error fstream_stack /usr/local/lib/node_modules/npm/node_modules/mkdirp/index.js:46:53
70 error fstream_stack Object.oncomplete (fs.js:108:15)
71 verbose exit [ 3, true ]
